<?xml version="1.0" encoding="UTF-8"?>
<coverage generated="1596135686736" clover="3.2.0">
  <project timestamp="1596135686736" name="All files">
    <metrics statements="43" coveredstatements="43" conditionals="38" coveredconditionals="34" methods="9" coveredmethods="9" elements="90" coveredelements="86" complexity="0" loc="43" ncloc="43" packages="2" files="2" classes="2"/>
    <package name="dist.js">
      <metrics statements="26" coveredstatements="26" conditionals="14" coveredconditionals="10" methods="6" coveredmethods="6"/>
      <file name="Settings.js" path="E:\IT_and_programing\Frontend\8.0_Homeworks\Task_8.3\dist\js\Settings.js">
        <metrics statements="26" coveredstatements="26" conditionals="14" coveredconditionals="10" methods="6" coveredmethods="6"/>
        <line num="1" count="1" type="stmt"/>
        <line num="3" count="1" type="stmt"/>
        <line num="5" count="1" type="stmt"/>
        <line num="7" count="1" type="stmt"/>
        <line num="9" count="1" type="stmt"/>
        <line num="11" count="1" type="stmt"/>
        <line num="13" count="1" type="stmt"/>
        <line num="15" count="1" type="stmt"/>
        <line num="17" count="1" type="stmt"/>
        <line num="19" count="1" type="stmt"/>
        <line num="22" count="1" type="stmt"/>
        <line num="24" count="1" type="cond" truecount="1" falsecount="1"/>
        <line num="26" count="1" type="cond" truecount="3" falsecount="1"/>
        <line num="28" count="1" type="cond" truecount="2" falsecount="2"/>
        <line num="30" count="1" type="stmt"/>
        <line num="32" count="1" type="stmt"/>
        <line num="34" count="1" type="stmt"/>
        <line num="35" count="1" type="stmt"/>
        <line num="38" count="1" type="stmt"/>
        <line num="41" count="5" type="cond" truecount="4" falsecount="0"/>
        <line num="42" count="4" type="stmt"/>
        <line num="43" count="4" type="stmt"/>
        <line num="45" count="1" type="stmt"/>
        <line num="49" count="1" type="stmt"/>
        <line num="52" count="1" type="stmt"/>
        <line num="53" count="1" type="stmt"/>
      </file>
    </package>
    <package name="src.js">
      <metrics statements="17" coveredstatements="17" conditionals="24" coveredconditionals="24" methods="3" coveredmethods="3"/>
      <file name="Settings.js" path="E:\IT_and_programing\Frontend\8.0_Homeworks\Task_8.3\src\js\Settings.js">
        <metrics statements="17" coveredstatements="17" conditionals="24" coveredconditionals="24" methods="3" coveredmethods="3"/>
        <line num="3" count="7" type="stmt"/>
        <line num="4" count="10" type="cond" truecount="5" falsecount="0"/>
        <line num="5" count="4" type="stmt"/>
        <line num="6" count="6" type="cond" truecount="7" falsecount="0"/>
        <line num="7" count="1" type="stmt"/>
        <line num="8" count="5" type="cond" truecount="6" falsecount="0"/>
        <line num="9" count="3" type="stmt"/>
        <line num="15" count="7" type="stmt"/>
        <line num="16" count="7" type="cond" truecount="2" falsecount="0"/>
        <line num="17" count="4" type="stmt"/>
        <line num="19" count="7" type="cond" truecount="2" falsecount="0"/>
        <line num="20" count="1" type="stmt"/>
        <line num="22" count="7" type="cond" truecount="2" falsecount="0"/>
        <line num="23" count="3" type="stmt"/>
        <line num="25" count="7" type="stmt"/>
        <line num="29" count="1" type="stmt"/>
        <line num="30" count="1" type="stmt"/>
      </file>
    </package>
  </project>
</coverage>
