{"E:\\IT_and_programing\\Frontend\\8.0_Homeworks\\Task_8.3\\dist\\js\\Settings.js": {"path":"E:\\IT_and_programing\\Frontend\\8.0_Homeworks\\Task_8.3\\dist\\js\\Settings.js","statementMap":{"0":{"start":{"line":1,"column":0},"end":{"line":1,"column":41}},"1":{"start":{"line":3,"column":0},"end":{"line":3,"column":45}},"2":{"start":{"line":5,"column":0},"end":{"line":5,"column":45}},"3":{"start":{"line":7,"column":0},"end":{"line":7,"column":34}},"4":{"start":{"line":9,"column":0},"end":{"line":9,"column":53}},"5":{"start":{"line":11,"column":0},"end":{"line":11,"column":47}},"6":{"start":{"line":13,"column":0},"end":{"line":13,"column":46}},"7":{"start":{"line":15,"column":0},"end":{"line":15,"column":46}},"8":{"start":{"line":17,"column":0},"end":{"line":17,"column":56}},"9":{"start":{"line":19,"column":0},"end":{"line":21,"column":3}},"10":{"start":{"line":22,"column":0},"end":{"line":22,"column":25}},"11":{"start":{"line":24,"column":50},"end":{"line":24,"column":151}},"12":{"start":{"line":24,"column":92},"end":{"line":24,"column":149}},"13":{"start":{"line":26,"column":44},"end":{"line":26,"column":317}},"14":{"start":{"line":26,"column":57},"end":{"line":26,"column":58}},"15":{"start":{"line":26,"column":104},"end":{"line":26,"column":112}},"16":{"start":{"line":26,"column":114},"end":{"line":26,"column":169}},"17":{"start":{"line":26,"column":170},"end":{"line":26,"column":201}},"18":{"start":{"line":26,"column":202},"end":{"line":26,"column":256}},"19":{"start":{"line":26,"column":229},"end":{"line":26,"column":256}},"20":{"start":{"line":26,"column":257},"end":{"line":26,"column":315}},"21":{"start":{"line":28,"column":62},"end":{"line":28,"column":131}},"22":{"start":{"line":28,"column":78},"end":{"line":28,"column":131}},"23":{"start":{"line":28,"column":132},"end":{"line":28,"column":193}},"24":{"start":{"line":28,"column":149},"end":{"line":28,"column":193}},"25":{"start":{"line":28,"column":194},"end":{"line":28,"column":213}},"26":{"start":{"line":30,"column":31},"end":{"line":50,"column":3}},"27":{"start":{"line":32,"column":4},"end":{"line":32,"column":34}},"28":{"start":{"line":34,"column":4},"end":{"line":34,"column":201}},"29":{"start":{"line":35,"column":4},"end":{"line":35,"column":89}},"30":{"start":{"line":38,"column":2},"end":{"line":47,"column":6}},"31":{"start":{"line":41,"column":6},"end":{"line":44,"column":7}},"32":{"start":{"line":42,"column":8},"end":{"line":42,"column":33}},"33":{"start":{"line":43,"column":8},"end":{"line":43,"column":36}},"34":{"start":{"line":45,"column":6},"end":{"line":45,"column":27}},"35":{"start":{"line":49,"column":2},"end":{"line":49,"column":16}},"36":{"start":{"line":52,"column":17},"end":{"line":52,"column":23}},"37":{"start":{"line":53,"column":0},"end":{"line":53,"column":27}}},"fnMap":{"0":{"name":"_classCallCheck","decl":{"start":{"line":24,"column":9},"end":{"line":24,"column":24}},"loc":{"start":{"line":24,"column":48},"end":{"line":24,"column":153}},"line":24},"1":{"name":"_defineProperties","decl":{"start":{"line":26,"column":9},"end":{"line":26,"column":26}},"loc":{"start":{"line":26,"column":42},"end":{"line":26,"column":319}},"line":26},"2":{"name":"_createClass","decl":{"start":{"line":28,"column":9},"end":{"line":28,"column":21}},"loc":{"start":{"line":28,"column":60},"end":{"line":28,"column":215}},"line":28},"3":{"name":"(anonymous_3)","decl":{"start":{"line":30,"column":31},"end":{"line":30,"column":32}},"loc":{"start":{"line":30,"column":43},"end":{"line":50,"column":1}},"line":30},"4":{"name":"defSet","decl":{"start":{"line":31,"column":11},"end":{"line":31,"column":17}},"loc":{"start":{"line":31,"column":20},"end":{"line":36,"column":3}},"line":31},"5":{"name":"getUserSet","decl":{"start":{"line":40,"column":20},"end":{"line":40,"column":30}},"loc":{"start":{"line":40,"column":43},"end":{"line":46,"column":5}},"line":40}},"branchMap":{"0":{"loc":{"start":{"line":24,"column":50},"end":{"line":24,"column":151}},"type":"if","locations":[{"start":{"line":24,"column":50},"end":{"line":24,"column":151}},{"start":{"line":24,"column":50},"end":{"line":24,"column":151}}],"line":24},"1":{"loc":{"start":{"line":26,"column":138},"end":{"line":26,"column":168}},"type":"binary-expr","locations":[{"start":{"line":26,"column":138},"end":{"line":26,"column":159}},{"start":{"line":26,"column":163},"end":{"line":26,"column":168}}],"line":26},"2":{"loc":{"start":{"line":26,"column":202},"end":{"line":26,"column":256}},"type":"if","locations":[{"start":{"line":26,"column":202},"end":{"line":26,"column":256}},{"start":{"line":26,"column":202},"end":{"line":26,"column":256}}],"line":26},"3":{"loc":{"start":{"line":28,"column":62},"end":{"line":28,"column":131}},"type":"if","locations":[{"start":{"line":28,"column":62},"end":{"line":28,"column":131}},{"start":{"line":28,"column":62},"end":{"line":28,"column":131}}],"line":28},"4":{"loc":{"start":{"line":28,"column":132},"end":{"line":28,"column":193}},"type":"if","locations":[{"start":{"line":28,"column":132},"end":{"line":28,"column":193}},{"start":{"line":28,"column":132},"end":{"line":28,"column":193}}],"line":28},"5":{"loc":{"start":{"line":41,"column":6},"end":{"line":44,"column":7}},"type":"if","locations":[{"start":{"line":41,"column":6},"end":{"line":44,"column":7}},{"start":{"line":41,"column":6},"end":{"line":44,"column":7}}],"line":41},"6":{"loc":{"start":{"line":41,"column":10},"end":{"line":41,"column":66}},"type":"binary-expr","locations":[{"start":{"line":41,"column":10},"end":{"line":41,"column":35}},{"start":{"line":41,"column":39},"end":{"line":41,"column":66}}],"line":41}},"s":{"0":1,"1":1,"2":1,"3":1,"4":1,"5":1,"6":1,"7":1,"8":1,"9":1,"10":1,"11":1,"12":0,"13":1,"14":1,"15":1,"16":1,"17":1,"18":1,"19":1,"20":1,"21":1,"22":1,"23":1,"24":0,"25":1,"26":1,"27":1,"28":1,"29":1,"30":1,"31":5,"32":4,"33":4,"34":1,"35":1,"36":1,"37":1},"f":{"0":1,"1":1,"2":1,"3":1,"4":1,"5":5},"b":{"0":[0,1],"1":[1,1],"2":[1,0],"3":[1,0],"4":[0,1],"5":[4,1],"6":[5,4]},"_coverageSchema":"1a1c01bbd47fc00a2c39e90264f33305004495a9","hash":"7c07cb8ae5ba6519ba49f51fb74d7c93730bb735"}
,"E:\\IT_and_programing\\Frontend\\8.0_Homeworks\\Task_8.3\\src\\js\\Settings.js": {"path":"E:\\IT_and_programing\\Frontend\\8.0_Homeworks\\Task_8.3\\src\\js\\Settings.js","statementMap":{"0":{"start":{"line":3,"column":4},"end":{"line":11,"column":7}},"1":{"start":{"line":4,"column":6},"end":{"line":10,"column":7}},"2":{"start":{"line":5,"column":8},"end":{"line":5,"column":26}},"3":{"start":{"line":6,"column":13},"end":{"line":10,"column":7}},"4":{"start":{"line":7,"column":8},"end":{"line":7,"column":26}},"5":{"start":{"line":8,"column":13},"end":{"line":10,"column":7}},"6":{"start":{"line":9,"column":8},"end":{"line":9,"column":31}},"7":{"start":{"line":15,"column":16},"end":{"line":15,"column":89}},"8":{"start":{"line":16,"column":4},"end":{"line":18,"column":5}},"9":{"start":{"line":17,"column":6},"end":{"line":17,"column":35}},"10":{"start":{"line":19,"column":4},"end":{"line":21,"column":5}},"11":{"start":{"line":20,"column":6},"end":{"line":20,"column":35}},"12":{"start":{"line":22,"column":4},"end":{"line":24,"column":5}},"13":{"start":{"line":23,"column":6},"end":{"line":23,"column":45}},"14":{"start":{"line":25,"column":4},"end":{"line":25,"column":27}},"15":{"start":{"line":29,"column":13},"end":{"line":29,"column":33}},"16":{"start":{"line":30,"column":0},"end":{"line":30,"column":29}}},"fnMap":{"0":{"name":"(anonymous_0)","decl":{"start":{"line":2,"column":2},"end":{"line":2,"column":3}},"loc":{"start":{"line":2,"column":25},"end":{"line":12,"column":3}},"line":2},"1":{"name":"(anonymous_1)","decl":{"start":{"line":3,"column":19},"end":{"line":3,"column":20}},"loc":{"start":{"line":3,"column":29},"end":{"line":11,"column":5}},"line":3},"2":{"name":"(anonymous_2)","decl":{"start":{"line":14,"column":2},"end":{"line":14,"column":3}},"loc":{"start":{"line":14,"column":19},"end":{"line":26,"column":3}},"line":14}},"branchMap":{"0":{"loc":{"start":{"line":4,"column":6},"end":{"line":10,"column":7}},"type":"if","locations":[{"start":{"line":4,"column":6},"end":{"line":10,"column":7}},{"start":{"line":4,"column":6},"end":{"line":10,"column":7}}],"line":4},"1":{"loc":{"start":{"line":4,"column":10},"end":{"line":4,"column":64}},"type":"binary-expr","locations":[{"start":{"line":4,"column":10},"end":{"line":4,"column":26}},{"start":{"line":4,"column":30},"end":{"line":4,"column":45}},{"start":{"line":4,"column":49},"end":{"line":4,"column":64}}],"line":4},"2":{"loc":{"start":{"line":6,"column":13},"end":{"line":10,"column":7}},"type":"if","locations":[{"start":{"line":6,"column":13},"end":{"line":10,"column":7}},{"start":{"line":6,"column":13},"end":{"line":10,"column":7}}],"line":6},"3":{"loc":{"start":{"line":6,"column":17},"end":{"line":6,"column":112}},"type":"binary-expr","locations":[{"start":{"line":6,"column":17},"end":{"line":6,"column":34}},{"start":{"line":6,"column":38},"end":{"line":6,"column":52}},{"start":{"line":6,"column":56},"end":{"line":6,"column":71}},{"start":{"line":6,"column":75},"end":{"line":6,"column":94}},{"start":{"line":6,"column":98},"end":{"line":6,"column":112}}],"line":6},"4":{"loc":{"start":{"line":8,"column":13},"end":{"line":10,"column":7}},"type":"if","locations":[{"start":{"line":8,"column":13},"end":{"line":10,"column":7}},{"start":{"line":8,"column":13},"end":{"line":10,"column":7}}],"line":8},"5":{"loc":{"start":{"line":8,"column":17},"end":{"line":8,"column":96}},"type":"binary-expr","locations":[{"start":{"line":8,"column":17},"end":{"line":8,"column":32}},{"start":{"line":8,"column":36},"end":{"line":8,"column":53}},{"start":{"line":8,"column":57},"end":{"line":8,"column":72}},{"start":{"line":8,"column":76},"end":{"line":8,"column":96}}],"line":8},"6":{"loc":{"start":{"line":16,"column":4},"end":{"line":18,"column":5}},"type":"if","locations":[{"start":{"line":16,"column":4},"end":{"line":18,"column":5}},{"start":{"line":16,"column":4},"end":{"line":18,"column":5}}],"line":16},"7":{"loc":{"start":{"line":19,"column":4},"end":{"line":21,"column":5}},"type":"if","locations":[{"start":{"line":19,"column":4},"end":{"line":21,"column":5}},{"start":{"line":19,"column":4},"end":{"line":21,"column":5}}],"line":19},"8":{"loc":{"start":{"line":22,"column":4},"end":{"line":24,"column":5}},"type":"if","locations":[{"start":{"line":22,"column":4},"end":{"line":24,"column":5}},{"start":{"line":22,"column":4},"end":{"line":24,"column":5}}],"line":22}},"s":{"0":7,"1":10,"2":4,"3":6,"4":1,"5":5,"6":3,"7":7,"8":7,"9":4,"10":7,"11":1,"12":7,"13":3,"14":7,"15":1,"16":1},"f":{"0":7,"1":10,"2":7},"b":{"0":[4,6],"1":[10,7,7],"2":[1,5],"3":[6,6,5,5,5],"4":[3,2],"5":[5,5,5,2],"6":[4,3],"7":[1,6],"8":[3,4]},"_coverageSchema":"1a1c01bbd47fc00a2c39e90264f33305004495a9","hash":"b815a36b4ba23905ce945329710ea29138b1ddbc"}
}
