TN:
SF:dist\js\Settings.js
FN:24,_classCallCheck
FN:26,_defineProperties
FN:28,_createClass
FN:30,(anonymous_3)
FN:31,defSet
FN:40,getUserSet
FNF:6
FNH:6
FNDA:1,_classCallCheck
FNDA:1,_defineProperties
FNDA:1,_createClass
FNDA:1,(anonymous_3)
FNDA:1,defSet
FNDA:5,getUserSet
DA:1,1
DA:3,1
DA:5,1
DA:7,1
DA:9,1
DA:11,1
DA:13,1
DA:15,1
DA:17,1
DA:19,1
DA:22,1
DA:24,1
DA:26,1
DA:28,1
DA:30,1
DA:32,1
DA:34,1
DA:35,1
DA:38,1
DA:41,5
DA:42,4
DA:43,4
DA:45,1
DA:49,1
DA:52,1
DA:53,1
LF:26
LH:26
BRDA:24,0,0,0
BRDA:24,0,1,1
BRDA:26,1,0,1
BRDA:26,1,1,1
BRDA:26,2,0,1
BRDA:26,2,1,0
BRDA:28,3,0,1
BRDA:28,3,1,0
BRDA:28,4,0,0
BRDA:28,4,1,1
BRDA:41,5,0,4
BRDA:41,5,1,1
BRDA:41,6,0,5
BRDA:41,6,1,4
BRF:14
BRH:10
end_of_record
TN:
SF:src\js\Settings.js
FN:2,(anonymous_0)
FN:7,(anonymous_1)
FNF:2
FNH:2
FNDA:1,(anonymous_0)
FNDA:5,(anonymous_1)
DA:3,1
DA:4,1
DA:8,5
DA:9,4
DA:10,4
DA:12,1
LF:6
LH:6
BRDA:8,0,0,4
BRDA:8,0,1,1
BRDA:8,1,0,5
BRDA:8,1,1,4
BRF:4
BRH:4
end_of_record
